# JRE version: Java(TM) SE Runtime Environment (8.0_231-b11) (build 1.8.0_231-b11)
# Java VM: Java HotSpot(TM) 64-Bit Server VM (25.231-b11 mixed mode windows-amd64 compressed oops)
Heap:
 PSYoungGen      total 33280K, used 9617K [0x00000000eb500000, 0x00000000ee600000, 0x0000000100000000)
  eden space 27648K, 18% used [0x00000000eb500000,0x00000000eba08460,0x00000000ed000000)
  from space 5632K, 79% used [0x00000000ee080000,0x00000000ee4dc118,0x00000000ee600000)
  to   space 11264K, 0% used [0x00000000ed000000,0x00000000ed000000,0x00000000edb00000)
 ParOldGen       total 49152K, used 18525K [0x00000000c1e00000, 0x00000000c4e00000, 0x00000000eb500000)
  object space 49152K, 37% used [0x00000000c1e00000,0x00000000c3017690,0x00000000c4e00000)
 Metaspace       used 26975K, capacity 27748K, committed 28160K, reserved 1073152K
  class space    used 3808K, capacity 3991K, committed 4096K, reserved 1048576K
GC Heap History (10 events):
Event: 7.533 GC heap before
{Heap before GC invocations=3 (full 0):
 PSYoungGen      total 18944K, used 18928K [0x00000000eb500000, 0x00000000eca00000, 0x0000000100000000)
  eden space 16384K, 100% used [0x00000000eb500000,0x00000000ec500000,0x00000000ec500000)
  from space 2560K, 99% used [0x00000000ec780000,0x00000000ec9fc030,0x00000000eca00000)
  to   space 2560K, 0% used [0x00000000ec500000,0x00000000ec500000,0x00000000ec780000)
 ParOldGen       total 44032K, used 9667K [0x00000000c1e00000, 0x00000000c4900000, 0x00000000eb500000)
  object space 44032K, 21% used [0x00000000c1e00000,0x00000000c2770c38,0x00000000c4900000)
 Metaspace       used 15786K, capacity 16412K, committed 16640K, reserved 1062912K
  class space    used 2286K, capacity 2449K, committed 2560K, reserved 1048576K
Event: 7.541 GC heap after
Heap after GC invocations=3 (full 0):
 PSYoungGen      total 18944K, used 2550K [0x00000000eb500000, 0x00000000eca00000, 0x0000000100000000)
  eden space 16384K, 0% used [0x00000000eb500000,0x00000000eb500000,0x00000000ec500000)
  from space 2560K, 99% used [0x00000000ec500000,0x00000000ec77dba8,0x00000000ec780000)
  to   space 2560K, 0% used [0x00000000ec780000,0x00000000ec780000,0x00000000eca00000)
 ParOldGen       total 44032K, used 13896K [0x00000000c1e00000, 0x00000000c4900000, 0x00000000eb500000)
  object space 44032K, 31% used [0x00000000c1e00000,0x00000000c2b92078,0x00000000c4900000)
 Metaspace       used 15786K, capacity 16412K, committed 16640K, reserved 1062912K
  class space    used 2286K, capacity 2449K, committed 2560K, reserved 1048576K
}
Event: 7.569 GC heap before
{Heap before GC invocations=4 (full 0):
 PSYoungGen      total 18944K, used 18934K [0x00000000eb500000, 0x00000000eca00000, 0x0000000100000000)
  eden space 16384K, 100% used [0x00000000eb500000,0x00000000ec500000,0x00000000ec500000)
  from space 2560K, 99% used [0x00000000ec500000,0x00000000ec77dba8,0x00000000ec780000)
  to   space 2560K, 0% used [0x00000000ec780000,0x00000000ec780000,0x00000000eca00000)
 ParOldGen       total 44032K, used 13896K [0x00000000c1e00000, 0x00000000c4900000, 0x00000000eb500000)
  object space 44032K, 31% used [0x00000000c1e00000,0x00000000c2b92078,0x00000000c4900000)
 Metaspace       used 15813K, capacity 16480K, committed 16640K, reserved 1062912K
  class space    used 2292K, capacity 2453K, committed 2560K, reserved 1048576K
Event: 7.574 GC heap after
Heap after GC invocations=4 (full 0):
 PSYoungGen      total 18944K, used 2534K [0x00000000eb500000, 0x00000000eda00000, 0x0000000100000000)
  eden space 16384K, 0% used [0x00000000eb500000,0x00000000eb500000,0x00000000ec500000)
  from space 2560K, 99% used [0x00000000ec780000,0x00000000ec9f9b98,0x00000000eca00000)
  to   space 2560K, 0% used [0x00000000ec500000,0x00000000ec500000,0x00000000ec780000)
 ParOldGen       total 44032K, used 14066K [0x00000000c1e00000, 0x00000000c4900000, 0x00000000eb500000)
  object space 44032K, 31% used [0x00000000c1e00000,0x00000000c2bbcbd0,0x00000000c4900000)
 Metaspace       used 15813K, capacity 16480K, committed 16640K, reserved 1062912K
  class space    used 2292K, capacity 2453K, committed 2560K, reserved 1048576K
}
Event: 8.445 GC heap before
{Heap before GC invocations=5 (full 0):
 PSYoungGen      total 18944K, used 13209K [0x00000000eb500000, 0x00000000eda00000, 0x0000000100000000)
  eden space 16384K, 65% used [0x00000000eb500000,0x00000000ebf6cba8,0x00000000ec500000)
  from space 2560K, 99% used [0x00000000ec780000,0x00000000ec9f9b98,0x00000000eca00000)
  to   space 2560K, 0% used [0x00000000ec500000,0x00000000ec500000,0x00000000ec780000)
 ParOldGen       total 44032K, used 14066K [0x00000000c1e00000, 0x00000000c4900000, 0x00000000eb500000)
  object space 44032K, 31% used [0x00000000c1e00000,0x00000000c2bbcbd0,0x00000000c4900000)
 Metaspace       used 20588K, capacity 21194K, committed 21296K, reserved 1067008K
  class space    used 2981K, capacity 3164K, committed 3200K, reserved 1048576K
Event: 8.450 GC heap after
Heap after GC invocations=5 (full 0):
 PSYoungGen      total 18944K, used 2528K [0x00000000eb500000, 0x00000000eec00000, 0x0000000100000000)
  eden space 16384K, 0% used [0x00000000eb500000,0x00000000eb500000,0x00000000ec500000)
  from space 2560K, 98% used [0x00000000ec500000,0x00000000ec778030,0x00000000ec780000)
  to   space 11776K, 0% used [0x00000000ee080000,0x00000000ee080000,0x00000000eec00000)
 ParOldGen       total 44032K, used 16260K [0x00000000c1e00000, 0x00000000c4900000, 0x00000000eb500000)
  object space 44032K, 36% used [0x00000000c1e00000,0x00000000c2de1120,0x00000000c4900000)
 Metaspace       used 20588K, capacity 21194K, committed 21296K, reserved 1067008K
  class space    used 2981K, capacity 3164K, committed 3200K, reserved 1048576K
}
Event: 8.450 GC heap before
{Heap before GC invocations=6 (full 1):
 PSYoungGen      total 18944K, used 2528K [0x00000000eb500000, 0x00000000eec00000, 0x0000000100000000)
  eden space 16384K, 0% used [0x00000000eb500000,0x00000000eb500000,0x00000000ec500000)
  from space 2560K, 98% used [0x00000000ec500000,0x00000000ec778030,0x00000000ec780000)
  to   space 11776K, 0% used [0x00000000ee080000,0x00000000ee080000,0x00000000eec00000)
 ParOldGen       total 44032K, used 16260K [0x00000000c1e00000, 0x00000000c4900000, 0x00000000eb500000)
  object space 44032K, 36% used [0x00000000c1e00000,0x00000000c2de1120,0x00000000c4900000)
 Metaspace       used 20588K, capacity 21194K, committed 21296K, reserved 1067008K
  class space    used 2981K, capacity 3164K, committed 3200K, reserved 1048576K
Event: 8.524 GC heap after
Heap after GC invocations=6 (full 1):
 PSYoungGen      total 18944K, used 0K [0x00000000eb500000, 0x00000000eec00000, 0x0000000100000000)
  eden space 16384K, 0% used [0x00000000eb500000,0x00000000eb500000,0x00000000ec500000)
  from space 2560K, 0% used [0x00000000ec500000,0x00000000ec500000,0x00000000ec780000)
  to   space 11776K, 0% used [0x00000000ee080000,0x00000000ee080000,0x00000000eec00000)
 ParOldGen       total 49152K, used 18517K [0x00000000c1e00000, 0x00000000c4e00000, 0x00000000eb500000)
  object space 49152K, 37% used [0x00000000c1e00000,0x00000000c3015690,0x00000000c4e00000)
 Metaspace       used 20588K, capacity 21194K, committed 21296K, reserved 1067008K
  class space    used 2981K, capacity 3164K, committed 3200K, reserved 1048576K
}
Event: 9.326 GC heap before
{Heap before GC invocations=7 (full 1):
 PSYoungGen      total 18944K, used 16384K [0x00000000eb500000, 0x00000000eec00000, 0x0000000100000000)
  eden space 16384K, 100% used [0x00000000eb500000,0x00000000ec500000,0x00000000ec500000)
  from space 2560K, 0% used [0x00000000ec500000,0x00000000ec500000,0x00000000ec780000)
  to   space 11776K, 0% used [0x00000000ee080000,0x00000000ee080000,0x00000000eec00000)
 ParOldGen       total 49152K, used 18517K [0x00000000c1e00000, 0x00000000c4e00000, 0x00000000eb500000)
  object space 49152K, 37% used [0x00000000c1e00000,0x00000000c3015690,0x00000000c4e00000)
 Metaspace       used 25670K, capacity 26368K, committed 26752K, reserved 1073152K
  class space    used 3671K, capacity 3857K, committed 3968K, reserved 1048576K
Event: 9.334 GC heap after
Heap after GC invocations=7 (full 1):
 PSYoungGen      total 33280K, used 4464K [0x00000000eb500000, 0x00000000ee600000, 0x0000000100000000)
  eden space 27648K, 0% used [0x00000000eb500000,0x00000000eb500000,0x00000000ed000000)
  from space 5632K, 79% used [0x00000000ee080000,0x00000000ee4dc118,0x00000000ee600000)
  to   space 11264K, 0% used [0x00000000ed000000,0x00000000ed000000,0x00000000edb00000)
 ParOldGen       total 49152K, used 18525K [0x00000000c1e00000, 0x00000000c4e00000, 0x00000000eb500000)
  object space 49152K, 37% used [0x00000000c1e00000,0x00000000c3017690,0x00000000c4e00000)
 Metaspace       used 25670K, capacity 26368K, committed 26752K, reserved 1073152K
  class space    used 3671K, capacity 3857K, committed 3968K, reserved 1048576K
}

