# JRE version: Java(TM) SE Runtime Environment (8.0_231-b11) (build 1.8.0_231-b11)
# Java VM: Java HotSpot(TM) 64-Bit Server VM (25.231-b11 mixed mode windows-amd64 compressed oops)
Heap:
 PSYoungGen      total 40448K, used 5687K [0x00000000eb500000, 0x00000000ee980000, 0x0000000100000000)
  eden space 31232K, 3% used [0x00000000eb500000,0x00000000eb62e150,0x00000000ed380000)
  from space 9216K, 48% used [0x00000000ee080000,0x00000000ee4dfe78,0x00000000ee980000)
  to   space 11264K, 0% used [0x00000000ed380000,0x00000000ed380000,0x00000000ede80000)
 ParOldGen       total 45568K, used 18497K [0x00000000c1e00000, 0x00000000c4a80000, 0x00000000eb500000)
  object space 45568K, 40% used [0x00000000c1e00000,0x00000000c3010798,0x00000000c4a80000)
 Metaspace       used 26790K, capacity 27556K, committed 27776K, reserved 1073152K
  class space    used 3792K, capacity 3963K, committed 3968K, reserved 1048576K
GC Heap History (10 events):
Event: 9.603 GC heap before
{Heap before GC invocations=3 (full 0):
 PSYoungGen      total 18944K, used 18917K [0x00000000eb500000, 0x00000000eca00000, 0x0000000100000000)
  eden space 16384K, 99% used [0x00000000eb500000,0x00000000ec4fd508,0x00000000ec500000)
  from space 2560K, 99% used [0x00000000ec780000,0x00000000ec9fc030,0x00000000eca00000)
  to   space 2560K, 0% used [0x00000000ec500000,0x00000000ec500000,0x00000000ec780000)
 ParOldGen       total 44032K, used 9667K [0x00000000c1e00000, 0x00000000c4900000, 0x00000000eb500000)
  object space 44032K, 21% used [0x00000000c1e00000,0x00000000c2770c38,0x00000000c4900000)
 Metaspace       used 15899K, capacity 16480K, committed 16640K, reserved 1062912K
  class space    used 2298K, capacity 2459K, committed 2560K, reserved 1048576K
Event: 9.609 GC heap after
Heap after GC invocations=3 (full 0):
 PSYoungGen      total 18944K, used 2553K [0x00000000eb500000, 0x00000000eca00000, 0x0000000100000000)
  eden space 16384K, 0% used [0x00000000eb500000,0x00000000eb500000,0x00000000ec500000)
  from space 2560K, 99% used [0x00000000ec500000,0x00000000ec77e768,0x00000000ec780000)
  to   space 2560K, 0% used [0x00000000ec780000,0x00000000ec780000,0x00000000eca00000)
 ParOldGen       total 44032K, used 13895K [0x00000000c1e00000, 0x00000000c4900000, 0x00000000eb500000)
  object space 44032K, 31% used [0x00000000c1e00000,0x00000000c2b91f48,0x00000000c4900000)
 Metaspace       used 15899K, capacity 16480K, committed 16640K, reserved 1062912K
  class space    used 2298K, capacity 2459K, committed 2560K, reserved 1048576K
}
Event: 9.617 GC heap before
{Heap before GC invocations=4 (full 0):
 PSYoungGen      total 18944K, used 18937K [0x00000000eb500000, 0x00000000eca00000, 0x0000000100000000)
  eden space 16384K, 100% used [0x00000000eb500000,0x00000000ec500000,0x00000000ec500000)
  from space 2560K, 99% used [0x00000000ec500000,0x00000000ec77e768,0x00000000ec780000)
  to   space 2560K, 0% used [0x00000000ec780000,0x00000000ec780000,0x00000000eca00000)
 ParOldGen       total 44032K, used 13895K [0x00000000c1e00000, 0x00000000c4900000, 0x00000000eb500000)
  object space 44032K, 31% used [0x00000000c1e00000,0x00000000c2b91f48,0x00000000c4900000)
 Metaspace       used 15901K, capacity 16544K, committed 16896K, reserved 1062912K
  class space    used 2298K, capacity 2459K, committed 2560K, reserved 1048576K
Event: 9.622 GC heap after
Heap after GC invocations=4 (full 0):
 PSYoungGen      total 18944K, used 2555K [0x00000000eb500000, 0x00000000eda00000, 0x0000000100000000)
  eden space 16384K, 0% used [0x00000000eb500000,0x00000000eb500000,0x00000000ec500000)
  from space 2560K, 99% used [0x00000000ec780000,0x00000000ec9feee0,0x00000000eca00000)
  to   space 2560K, 0% used [0x00000000ec500000,0x00000000ec500000,0x00000000ec780000)
 ParOldGen       total 44032K, used 13983K [0x00000000c1e00000, 0x00000000c4900000, 0x00000000eb500000)
  object space 44032K, 31% used [0x00000000c1e00000,0x00000000c2ba7f48,0x00000000c4900000)
 Metaspace       used 15901K, capacity 16544K, committed 16896K, reserved 1062912K
  class space    used 2298K, capacity 2459K, committed 2560K, reserved 1048576K
}
Event: 10.221 GC heap before
{Heap before GC invocations=5 (full 0):
 PSYoungGen      total 18944K, used 13393K [0x00000000eb500000, 0x00000000eda00000, 0x0000000100000000)
  eden space 16384K, 66% used [0x00000000eb500000,0x00000000ebf956b8,0x00000000ec500000)
  from space 2560K, 99% used [0x00000000ec780000,0x00000000ec9feee0,0x00000000eca00000)
  to   space 2560K, 0% used [0x00000000ec500000,0x00000000ec500000,0x00000000ec780000)
 ParOldGen       total 44032K, used 13983K [0x00000000c1e00000, 0x00000000c4900000, 0x00000000eb500000)
  object space 44032K, 31% used [0x00000000c1e00000,0x00000000c2ba7f48,0x00000000c4900000)
 Metaspace       used 20528K, capacity 21166K, committed 21296K, reserved 1067008K
  class space    used 2974K, capacity 3142K, committed 3200K, reserved 1048576K
Event: 10.227 GC heap after
Heap after GC invocations=5 (full 0):
 PSYoungGen      total 18944K, used 2528K [0x00000000eb500000, 0x00000000eec00000, 0x0000000100000000)
  eden space 16384K, 0% used [0x00000000eb500000,0x00000000eb500000,0x00000000ec500000)
  from space 2560K, 98% used [0x00000000ec500000,0x00000000ec778040,0x00000000ec780000)
  to   space 11776K, 0% used [0x00000000ee080000,0x00000000ee080000,0x00000000eec00000)
 ParOldGen       total 44032K, used 16195K [0x00000000c1e00000, 0x00000000c4900000, 0x00000000eb500000)
  object space 44032K, 36% used [0x00000000c1e00000,0x00000000c2dd0eb0,0x00000000c4900000)
 Metaspace       used 20528K, capacity 21166K, committed 21296K, reserved 1067008K
  class space    used 2974K, capacity 3142K, committed 3200K, reserved 1048576K
}
Event: 10.227 GC heap before
{Heap before GC invocations=6 (full 1):
 PSYoungGen      total 18944K, used 2528K [0x00000000eb500000, 0x00000000eec00000, 0x0000000100000000)
  eden space 16384K, 0% used [0x00000000eb500000,0x00000000eb500000,0x00000000ec500000)
  from space 2560K, 98% used [0x00000000ec500000,0x00000000ec778040,0x00000000ec780000)
  to   space 11776K, 0% used [0x00000000ee080000,0x00000000ee080000,0x00000000eec00000)
 ParOldGen       total 44032K, used 16195K [0x00000000c1e00000, 0x00000000c4900000, 0x00000000eb500000)
  object space 44032K, 36% used [0x00000000c1e00000,0x00000000c2dd0eb0,0x00000000c4900000)
 Metaspace       used 20528K, capacity 21166K, committed 21296K, reserved 1067008K
  class space    used 2974K, capacity 3142K, committed 3200K, reserved 1048576K
Event: 10.290 GC heap after
Heap after GC invocations=6 (full 1):
 PSYoungGen      total 18944K, used 0K [0x00000000eb500000, 0x00000000eec00000, 0x0000000100000000)
  eden space 16384K, 0% used [0x00000000eb500000,0x00000000eb500000,0x00000000ec500000)
  from space 2560K, 0% used [0x00000000ec500000,0x00000000ec500000,0x00000000ec780000)
  to   space 11776K, 0% used [0x00000000ee080000,0x00000000ee080000,0x00000000eec00000)
 ParOldGen       total 45568K, used 18489K [0x00000000c1e00000, 0x00000000c4a80000, 0x00000000eb500000)
  object space 45568K, 40% used [0x00000000c1e00000,0x00000000c300e798,0x00000000c4a80000)
 Metaspace       used 20528K, capacity 21166K, committed 21296K, reserved 1067008K
  class space    used 2974K, capacity 3142K, committed 3200K, reserved 1048576K
}
Event: 11.155 GC heap before
{Heap before GC invocations=7 (full 1):
 PSYoungGen      total 18944K, used 16384K [0x00000000eb500000, 0x00000000eec00000, 0x0000000100000000)
  eden space 16384K, 100% used [0x00000000eb500000,0x00000000ec500000,0x00000000ec500000)
  from space 2560K, 0% used [0x00000000ec500000,0x00000000ec500000,0x00000000ec780000)
  to   space 11776K, 0% used [0x00000000ee080000,0x00000000ee080000,0x00000000eec00000)
 ParOldGen       total 45568K, used 18489K [0x00000000c1e00000, 0x00000000c4a80000, 0x00000000eb500000)
  object space 45568K, 40% used [0x00000000c1e00000,0x00000000c300e798,0x00000000c4a80000)
 Metaspace       used 25755K, capacity 26500K, committed 26752K, reserved 1073152K
  class space    used 3679K, capacity 3867K, committed 3968K, reserved 1048576K
Event: 11.164 GC heap after
Heap after GC invocations=7 (full 1):
 PSYoungGen      total 40448K, used 4479K [0x00000000eb500000, 0x00000000ee980000, 0x0000000100000000)
  eden space 31232K, 0% used [0x00000000eb500000,0x00000000eb500000,0x00000000ed380000)
  from space 9216K, 48% used [0x00000000ee080000,0x00000000ee4dfe78,0x00000000ee980000)
  to   space 11264K, 0% used [0x00000000ed380000,0x00000000ed380000,0x00000000ede80000)
 ParOldGen       total 45568K, used 18497K [0x00000000c1e00000, 0x00000000c4a80000, 0x00000000eb500000)
  object space 45568K, 40% used [0x00000000c1e00000,0x00000000c3010798,0x00000000c4a80000)
 Metaspace       used 25755K, capacity 26500K, committed 26752K, reserved 1073152K
  class space    used 3679K, capacity 3867K, committed 3968K, reserved 1048576K
}

